<?xml version="1.0" encoding="UTF-8"?>
<!-- Generated by org.testng.reporters.JUnitXMLReporter -->
<testsuite hostname="Azadeh-PC" ignored="0" name="Default test" tests="4" failures="0" timestamp="23 Jun 2019 00:17:38 GMT" time="0.076" errors="0">
  <testcase name="testCase1" time="0.021" classname="com.callcenter.TestCallCenter"/>
  <testcase name="testCase2" time="0.002" classname="com.callcenter.TestCallCenter"/>
  <testcase name="testCase3" time="0.001" classname="com.callcenter.TestCallCenter"/>
  <testcase name="testCase5" time="0.001" classname="com.callcenter.TestCallCenter"/>
</testsuite> <!-- Default test -->
